#
# A fatal error has been detected by the Java Runtime Environment:
#
#  Internal Error (javaClasses.cpp:129), pid=4672, tid=2448
#  fatal error: Invalid layout of preloaded class
#
# JRE version: 7.0_21-b11
# Java VM: Java HotSpot(TM) Client VM (23.21-b01 mixed mode windows-x86 )
# Failed to write core dump. Minidumps are not enabled by default on client versions of Windows
#
# If you would like to submit a bug report, please visit:
#   http://bugreport.sun.com/bugreport/crash.jsp
#

---------------  T H R E A D  ---------------

Current thread (0x006ab000):  JavaThread "Unknown thread" [_thread_in_vm, id=2448, stack(0x004f0000,0x00540000)]

Stack: [0x004f0000,0x00540000],  sp=0x0053f8f0,  free space=318k
Native frames: (J=compiled Java code, j=interpreted, Vv=VM code, C=native code)
V  [jvm.dll+0x170511]
V  [jvm.dll+0x16a6b6]
V  [jvm.dll+0x2082f]
V  [jvm.dll+0x208b6]
V  [jvm.dll+0x2e5dd]
V  [jvm.dll+0x2e889]
V  [jvm.dll+0x77bd1]
V  [jvm.dll+0x77f8b]
V  [jvm.dll+0x12a1b1]
V  [jvm.dll+0x14ac6a]
V  [jvm.dll+0xa9eef]
C  [javaw.exe+0x13ca]
C  [javaw.exe+0x1e3c]
C  [javaw.exe+0xa5b1]
C  [javaw.exe+0xa63b]
C  [kernel32.dll+0x4ed6c]  BaseThreadInitThunk+0x12
C  [ntdll.dll+0x6377b]  RtlInitializeExceptionChain+0xef
C  [ntdll.dll+0x6374e]  RtlInitializeExceptionChain+0xc2


---------------  P R O C E S S  ---------------

Java Threads: ( => current thread )

Other Threads:

=>0x006ab000 (exited) JavaThread "Unknown thread" [_thread_in_vm, id=2448, stack(0x004f0000,0x00540000)]

VM state:not at safepoint (not fully initialized)

VM Mutex/Monitor currently owned by a thread: None

GC Heap History (0 events):
No events

Deoptimization events (0 events):
No events

Internal exceptions (0 events):
No events

Events (10 events):
Event: 0.731 loading class 0x00762bf0 done
Event: 0.731 loading class 0x00743d30 done
Event: 0.731 loading class 0x00743d08
Event: 0.731 loading class 0x007ac7d0
Event: 0.732 loading class 0x007ac7d0 done
Event: 0.732 loading class 0x007ac808
Event: 0.732 loading class 0x007ac808 done
Event: 0.732 loading class 0x007adbc0
Event: 0.732 loading class 0x007adbc0 done
Event: 0.732 loading class 0x00743d08 done


Dynamic libraries:
0x00f00000 - 0x00f2f000 	C:\Program Files\Java\jdk1.7.0_21\bin\javaw.exe
0x77900000 - 0x77a3c000 	C:\WINDOWS\SYSTEM32\ntdll.dll
0x75f00000 - 0x75fd4000 	C:\WINDOWS\system32\kernel32.dll
0x75ba0000 - 0x75beb000 	C:\WINDOWS\system32\KERNELBASE.dll
0x77420000 - 0x774c0000 	C:\WINDOWS\system32\ADVAPI32.dll
0x77360000 - 0x7740c000 	C:\WINDOWS\system32\msvcrt.dll
0x77160000 - 0x77179000 	C:\WINDOWS\SYSTEM32\sechost.dll
0x76330000 - 0x763d1000 	C:\WINDOWS\system32\RPCRT4.dll
0x75d90000 - 0x75e59000 	C:\WINDOWS\system32\USER32.dll
0x762e0000 - 0x7632e000 	C:\WINDOWS\system32\GDI32.dll
0x77a50000 - 0x77a5a000 	C:\WINDOWS\system32\LPK.dll
0x770c0000 - 0x7715d000 	C:\WINDOWS\system32\USP10.dll
0x74760000 - 0x748fe000 	C:\WINDOWS\WinSxS\x86_microsoft.windows.common-controls_6595b64144ccf1df_6.0.7601.17514_none_41e6975e2bd6f2b2\COMCTL32.dll
0x77a80000 - 0x77ad7000 	C:\WINDOWS\system32\SHLWAPI.dll
0x77a60000 - 0x77a7f000 	C:\WINDOWS\system32\IMM32.DLL
0x77550000 - 0x7761c000 	C:\WINDOWS\system32\MSCTF.dll
0x75a00000 - 0x75a38000 	C:\PROGRA~1\Sophos\SOPHOS~1\SOPHOS~1.DLL
0x77410000 - 0x77415000 	C:\WINDOWS\system32\PSAPI.DLL
0x61d30000 - 0x61dee000 	C:\Program Files\Java\jdk1.7.0_21\jre\bin\msvcr100.dll
0x50c30000 - 0x50f7f000 	C:\Program Files\Java\jdk1.7.0_21\jre\bin\client\jvm.dll
0x74f50000 - 0x74f57000 	C:\WINDOWS\system32\WSOCK32.dll
0x77ae0000 - 0x77b15000 	C:\WINDOWS\system32\WS2_32.dll
0x75ef0000 - 0x75ef6000 	C:\WINDOWS\system32\NSI.dll
0x73000000 - 0x73032000 	C:\WINDOWS\system32\WINMM.dll
0x73f50000 - 0x73f5c000 	C:\Program Files\Java\jdk1.7.0_21\jre\bin\verify.dll
0x71ad0000 - 0x71af0000 	C:\Program Files\Java\jdk1.7.0_21\jre\bin\java.dll
0x70050000 - 0x7007a000 	C:\Program Files\Java\jdk1.7.0_21\jre\bin\jdwp.dll
0x73d50000 - 0x73d57000 	C:\Program Files\Java\jdk1.7.0_21\jre\bin\npt.dll
0x703a0000 - 0x703b3000 	C:\Program Files\Java\jdk1.7.0_21\jre\bin\zip.dll
0x73e20000 - 0x73f0b000 	C:\WINDOWS\system32\dbghelp.dll

VM Arguments:
jvm_args: -agentlib:jdwp=transport=dt_socket,suspend=y,address=localhost:57655 -Dfile.encoding=Cp1252 -Xbootclasspath:C:\DeveloperTools\AndroidDevelopment\SDK\platforms\android-17\android.jar 
java_command: uk.gov.bcc.mobile.service.MobileApiRequestService
Launcher Type: SUN_STANDARD

Environment Variables:
JAVA_HOME=C:\Program Files\Java\jdk1.6.0_38
PATH=C:\Program Files\Java\jdk1.7.0_21\jre\bin;C:/Program Files/Java/jre7/bin/client;C:/Program Files/Java/jre7/bin;C:/Program Files/Java/jre7/lib/i386;C:\DeveloperTools\oraclexe\app\oracle\product\11.2.0\server\bin;;C:\WINDOWS\system32;C:\WINDOWS;C:\WINDOWS\System32\Wbem;C:\WINDOWS\System32\WindowsPowerShell\v1.0\;C:\Program Files\CREDANT\Shield v7.1\;C:\Program Files\Java\jdk1.6.0_38\bin;C:\DeveloperTools\apache-maven-2.2.1\bin;C:\Program Files\SlikSvn1.7\bin\;C:\DeveloperTools\apache-tomcat-6.0.29\bin;C:\DeveloperTools\TortoiseSVN\bin;C:\DeveloperTools\apache-tomcat-6.0.29-cws\bin;C:\DeveloperTools\EclipseIndigo\eclipse;
USERNAME=BCCAPHBA
OS=Windows_NT
PROCESSOR_IDENTIFIER=x86 Family 6 Model 42 Stepping 7, GenuineIntel



---------------  S Y S T E M  ---------------

OS: Windows 7 Build 7601 Service Pack 1

CPU:total 4 (2 cores per cpu, 2 threads per core) family 6 model 42 stepping 7, cmov, cx8, fxsr, mmx, sse, sse2, sse3, ssse3, sse4.1, sse4.2, popcnt, avx, ht, tsc, tscinvbit

Memory: 4k page, physical 3577072k(324512k free), swap 9908564k(4036512k free)

vm_info: Java HotSpot(TM) Client VM (23.21-b01) for windows-x86 JRE (1.7.0_21-b11), built on Apr  4 2013 04:43:10 by "java_re" with unknown MS VC++:1600

time: Wed May 01 14:31:46 2013
elapsed time: 0 seconds

